Determining if the pthread_create exist failed with the following output:
Change Dir: /home/walter/devel/ros1_ws/src/zed-ros-examples/tutorials/build-zed_sensors_sub_tutorial-Desktop_Qt_5_12_6_GCC_64bit-Debug/CMakeFiles/CMakeTmp

Run Build Command:"/usr/bin/ninja" "cmTC_ccdc5"
[1/2] Building C object CMakeFiles/cmTC_ccdc5.dir/CheckSymbolExists.c.o
[2/2] Linking C executable cmTC_ccdc5
FAILED: cmTC_ccdc5 
: && /usr/bin/clang-6.0   -rdynamic CMakeFiles/cmTC_ccdc5.dir/CheckSymbolExists.c.o  -o cmTC_ccdc5   && :
CMakeFiles/cmTC_ccdc5.dir/CheckSymbolExists.c.o: In function `main':
CheckSymbolExists.c:(.text+0x19): undefined reference to `pthread_create'
clang: error: linker command failed with exit code 1 (use -v to see invocation)
ninja: build stopped: subcommand failed.

File /home/walter/devel/ros1_ws/src/zed-ros-examples/tutorials/build-zed_sensors_sub_tutorial-Desktop_Qt_5_12_6_GCC_64bit-Debug/CMakeFiles/CMakeTmp/CheckSymbolExists.c:
/* */
#include <pthread.h>

int main(int argc, char** argv)
{
  (void)argv;
#ifndef pthread_create
  return ((int*)(&pthread_create))[argc];
#else
  (void)argc;
  return 0;
#endif
}

Determining if the function pthread_create exists in the pthreads failed with the following output:
Change Dir: /home/walter/devel/ros1_ws/src/zed-ros-examples/tutorials/build-zed_sensors_sub_tutorial-Desktop_Qt_5_12_6_GCC_64bit-Debug/CMakeFiles/CMakeTmp

Run Build Command:"/usr/bin/ninja" "cmTC_125ef"
[1/2] Building C object CMakeFiles/cmTC_125ef.dir/CheckFunctionExists.c.o
[2/2] Linking C executable cmTC_125ef
FAILED: cmTC_125ef 
: && /usr/bin/clang-6.0 -DCHECK_FUNCTION_EXISTS=pthread_create  -rdynamic CMakeFiles/cmTC_125ef.dir/CheckFunctionExists.c.o  -o cmTC_125ef  -lpthreads && :
/usr/bin/ld: cannot find -lpthreads
clang: error: linker command failed with exit code 1 (use -v to see invocation)
ninja: build stopped: subcommand failed.


